debug: POST /gym/signin {"timestamp":"2023-09-28T05:48:44.759Z"}
debug: POST /gym/signin {"timestamp":"2023-09-28T05:48:46.483Z"}
debug: POST /gym/signin {"timestamp":"2023-09-28T05:48:47.398Z"}
debug: POST /gym/signin {"timestamp":"2023-09-28T05:48:48.168Z"}
debug: POST /gym/signin {"timestamp":"2023-09-28T05:48:48.745Z"}
debug: POST /gym/signin {"timestamp":"2023-09-28T05:48:49.296Z"}
debug: POST /gym/signin {"timestamp":"2023-09-28T05:55:32.759Z"}
debug: POST /gym/signin {"timestamp":"2023-09-28T05:55:48.527Z"}
warn: Suspicious activity detected: {"request":{"_body":true,"_consuming":true,"_dumped":false,"_events":{},"_eventsCount":1,"_parsedUrl":{"_raw":"/gym/signin","auth":null,"hash":null,"host":null,"hostname":null,"href":"/gym/signin","path":"/gym/signin","pathname":"/gym/signin","port":null,"protocol":null,"query":null,"search":null,"slashes":null},"_readableState":{"autoDestroy":true,"awaitDrainWriters":null,"buffer":{"head":null,"length":0,"tail":null},"closeEmitted":false,"closed":false,"constructed":true,"dataEmitted":true,"decoder":null,"defaultEncoding":"utf8","destroyed":false,"emitClose":true,"emittedReadable":false,"encoding":null,"endEmitted":true,"ended":true,"errorEmitted":false,"errored":null,"flowing":true,"highWaterMark":16384,"length":0,"multiAwaitDrain":false,"needReadable":false,"objectMode":false,"pipes":[],"readableListening":false,"reading":false,"readingMore":false,"resumeScheduled":false,"sync":false},"aborted":false,"baseUrl":"","body":{"email":"kushan@gmail.com","password":"12345678"},"client":{"_events":{"close":[null,null],"end":[null,null]},"_eventsCount":8,"_hadError":false,"_host":null,"_httpMessage":{"_closed":false,"_contentLength":null,"_defaultKeepAlive":true,"_events":{},"_eventsCount":1,"_expect_continue":false,"_hasBody":true,"_header":null,"_headerSent":false,"_keepAliveTimeout":5000,"_last":false,"_removedConnection":false,"_removedContLen":false,"_removedTE":false,"_sent100":false,"_trailer":"","chunkedEncoding":false,"destroyed":false,"finished":false,"locals":{},"maxRequestsOnConnectionReached":false,"outputData":[],"outputSize":0,"req":"[Circular]","sendDate":true,"shouldKeepAlive":true,"socket":"[Circular]","useChunkedEncodingByDefault":true,"writable":true},"_parent":null,"_paused":false,"_pendingData":null,"_pendingEncoding":"","_readableState":{"autoDestroy":true,"awaitDrainWriters":null,"buffer":{"head":null,"length":0,"tail":null},"closeEmitted":false,"closed":false,"constructed":true,"dataEmitted":false,"decoder":null,"defaultEncoding":"utf8","destroyed":false,"emitClose":false,"emittedReadable":false,"encoding":null,"endEmitted":false,"ended":false,"errorEmitted":false,"errored":null,"flowing":true,"highWaterMark":16384,"length":0,"multiAwaitDrain":false,"needReadable":true,"objectMode":false,"pipes":[],"readableListening":false,"reading":true,"readingMore":false,"resumeScheduled":false,"sync":false},"_server":{"_connectionKey":"6::::5000","_connections":1,"_events":{},"_eventsCount":2,"_handle":{"reading":false},"_unref":false,"_usingWorkers":false,"_workers":[],"allowHalfOpen":true,"headersTimeout":60000,"httpAllowHalfOpen":false,"keepAlive":false,"keepAliveInitialDelay":0,"keepAliveTimeout":5000,"maxHeadersCount":null,"maxRequestsPerSocket":0,"noDelay":false,"pauseOnConnect":false,"requestTimeout":0,"timeout":0},"_sockname":null,"_writableState":{"afterWriteTickInfo":null,"allBuffers":true,"allNoop":true,"autoDestroy":true,"bufferProcessing":false,"buffered":[],"bufferedIndex":0,"closeEmitted":false,"closed":false,"constructed":true,"corked":0,"decodeStrings":false,"defaultEncoding":"utf8","destroyed":false,"emitClose":false,"ended":false,"ending":false,"errorEmitted":false,"errored":null,"finalCalled":false,"finished":false,"highWaterMark":16384,"length":0,"needDrain":false,"objectMode":false,"pendingcb":0,"prefinished":false,"sync":true,"writecb":null,"writelen":0,"writing":false},"allowHalfOpen":true,"connecting":false,"parser":{"_consumed":true,"_headers":[],"_url":"","incoming":"[Circular]","maxHeaderPairs":2000,"outgoing":null,"socket":"[Circular]"},"server":{"_connectionKey":"6::::5000","_connections":1,"_events":{},"_eventsCount":2,"_handle":{"reading":false},"_unref":false,"_usingWorkers":false,"_workers":[],"allowHalfOpen":true,"headersTimeout":60000,"httpAllowHalfOpen":false,"keepAlive":false,"keepAliveInitialDelay":0,"keepAliveTimeout":5000,"maxHeadersCount":null,"maxRequestsPerSocket":0,"noDelay":false,"pauseOnConnect":false,"requestTimeout":0,"timeout":0}},"complete":true,"httpVersion":"1.1","httpVersionMajor":1,"httpVersionMinor":1,"method":"POST","originalUrl":"/gym/signin","params":{},"query":{},"rawHeaders":["Content-Type","application/json","User-Agent","PostmanRuntime/7.28.1","Accept","*/*","Cache-Control","no-cache","Postman-Token","0e072dcb-494d-46a1-a507-791c0dca47f3","Host","localhost:5000","Accept-Encoding","gzip, deflate, br","Connection","keep-alive","Content-Length","64"],"rawTrailers":[],"res":{"_closed":false,"_contentLength":null,"_defaultKeepAlive":true,"_events":{},"_eventsCount":1,"_expect_continue":false,"_hasBody":true,"_header":null,"_headerSent":false,"_keepAliveTimeout":5000,"_last":false,"_removedConnection":false,"_removedContLen":false,"_removedTE":false,"_sent100":false,"_trailer":"","chunkedEncoding":false,"destroyed":false,"finished":false,"locals":{},"maxRequestsOnConnectionReached":false,"outputData":[],"outputSize":0,"req":"[Circular]","sendDate":true,"shouldKeepAlive":true,"socket":{"_events":{"close":[null,null],"end":[null,null]},"_eventsCount":8,"_hadError":false,"_host":null,"_httpMessage":"[Circular]","_parent":null,"_paused":false,"_pendingData":null,"_pendingEncoding":"","_readableState":{"autoDestroy":true,"awaitDrainWriters":null,"buffer":{"head":null,"length":0,"tail":null},"closeEmitted":false,"closed":false,"constructed":true,"dataEmitted":false,"decoder":null,"defaultEncoding":"utf8","destroyed":false,"emitClose":false,"emittedReadable":false,"encoding":null,"endEmitted":false,"ended":false,"errorEmitted":false,"errored":null,"flowing":true,"highWaterMark":16384,"length":0,"multiAwaitDrain":false,"needReadable":true,"objectMode":false,"pipes":[],"readableListening":false,"reading":true,"readingMore":false,"resumeScheduled":false,"sync":false},"_server":{"_connectionKey":"6::::5000","_connections":1,"_events":{},"_eventsCount":2,"_handle":{"reading":false},"_unref":false,"_usingWorkers":false,"_workers":[],"allowHalfOpen":true,"headersTimeout":60000,"httpAllowHalfOpen":false,"keepAlive":false,"keepAliveInitialDelay":0,"keepAliveTimeout":5000,"maxHeadersCount":null,"maxRequestsPerSocket":0,"noDelay":false,"pauseOnConnect":false,"requestTimeout":0,"timeout":0},"_sockname":null,"_writableState":{"afterWriteTickInfo":null,"allBuffers":true,"allNoop":true,"autoDestroy":true,"bufferProcessing":false,"buffered":[],"bufferedIndex":0,"closeEmitted":false,"closed":false,"constructed":true,"corked":0,"decodeStrings":false,"defaultEncoding":"utf8","destroyed":false,"emitClose":false,"ended":false,"ending":false,"errorEmitted":false,"errored":null,"finalCalled":false,"finished":false,"highWaterMark":16384,"length":0,"needDrain":false,"objectMode":false,"pendingcb":0,"prefinished":false,"sync":true,"writecb":null,"writelen":0,"writing":false},"allowHalfOpen":true,"connecting":false,"parser":{"_consumed":true,"_headers":[],"_url":"","incoming":"[Circular]","maxHeaderPairs":2000,"outgoing":null,"socket":"[Circular]"},"server":{"_connectionKey":"6::::5000","_connections":1,"_events":{},"_eventsCount":2,"_handle":{"reading":false},"_unref":false,"_usingWorkers":false,"_workers":[],"allowHalfOpen":true,"headersTimeout":60000,"httpAllowHalfOpen":false,"keepAlive":false,"keepAliveInitialDelay":0,"keepAliveTimeout":5000,"maxHeadersCount":null,"maxRequestsPerSocket":0,"noDelay":false,"pauseOnConnect":false,"requestTimeout":0,"timeout":0}},"useChunkedEncodingByDefault":true,"writable":true},"socket":{"_events":{"close":[null,null],"end":[null,null]},"_eventsCount":8,"_hadError":false,"_host":null,"_httpMessage":{"_closed":false,"_contentLength":null,"_defaultKeepAlive":true,"_events":{},"_eventsCount":1,"_expect_continue":false,"_hasBody":true,"_header":null,"_headerSent":false,"_keepAliveTimeout":5000,"_last":false,"_removedConnection":false,"_removedContLen":false,"_removedTE":false,"_sent100":false,"_trailer":"","chunkedEncoding":false,"destroyed":false,"finished":false,"locals":{},"maxRequestsOnConnectionReached":false,"outputData":[],"outputSize":0,"req":"[Circular]","sendDate":true,"shouldKeepAlive":true,"socket":"[Circular]","useChunkedEncodingByDefault":true,"writable":true},"_parent":null,"_paused":false,"_pendingData":null,"_pendingEncoding":"","_readableState":{"autoDestroy":true,"awaitDrainWriters":null,"buffer":{"head":null,"length":0,"tail":null},"closeEmitted":false,"closed":false,"constructed":true,"dataEmitted":false,"decoder":null,"defaultEncoding":"utf8","destroyed":false,"emitClose":false,"emittedReadable":false,"encoding":null,"endEmitted":false,"ended":false,"errorEmitted":false,"errored":null,"flowing":true,"highWaterMark":16384,"length":0,"multiAwaitDrain":false,"needReadable":true,"objectMode":false,"pipes":[],"readableListening":false,"reading":true,"readingMore":false,"resumeScheduled":false,"sync":false},"_server":{"_connectionKey":"6::::5000","_connections":1,"_events":{},"_eventsCount":2,"_handle":{"reading":false},"_unref":false,"_usingWorkers":false,"_workers":[],"allowHalfOpen":true,"headersTimeout":60000,"httpAllowHalfOpen":false,"keepAlive":false,"keepAliveInitialDelay":0,"keepAliveTimeout":5000,"maxHeadersCount":null,"maxRequestsPerSocket":0,"noDelay":false,"pauseOnConnect":false,"requestTimeout":0,"timeout":0},"_sockname":null,"_writableState":{"afterWriteTickInfo":null,"allBuffers":true,"allNoop":true,"autoDestroy":true,"bufferProcessing":false,"buffered":[],"bufferedIndex":0,"closeEmitted":false,"closed":false,"constructed":true,"corked":0,"decodeStrings":false,"defaultEncoding":"utf8","destroyed":false,"emitClose":false,"ended":false,"ending":false,"errorEmitted":false,"errored":null,"finalCalled":false,"finished":false,"highWaterMark":16384,"length":0,"needDrain":false,"objectMode":false,"pendingcb":0,"prefinished":false,"sync":true,"writecb":null,"writelen":0,"writing":false},"allowHalfOpen":true,"connecting":false,"parser":{"_consumed":true,"_headers":[],"_url":"","incoming":"[Circular]","maxHeaderPairs":2000,"outgoing":null,"socket":"[Circular]"},"server":{"_connectionKey":"6::::5000","_connections":1,"_events":{},"_eventsCount":2,"_handle":{"reading":false},"_unref":false,"_usingWorkers":false,"_workers":[],"allowHalfOpen":true,"headersTimeout":60000,"httpAllowHalfOpen":false,"keepAlive":false,"keepAliveInitialDelay":0,"keepAliveTimeout":5000,"maxHeadersCount":null,"maxRequestsPerSocket":0,"noDelay":false,"pauseOnConnect":false,"requestTimeout":0,"timeout":0}},"statusCode":null,"statusMessage":null,"upgrade":false,"url":"/gym/signin"},"timestamp":"2023-09-28T05:55:48.529Z"}
debug: POST /gym/send-otp {"timestamp":"2023-09-29T08:05:53.982Z"}
error: Cannot read properties of undefined (reading 'success') {"timestamp":"2023-09-29T08:05:54.182Z"}
debug: POST /gym/send-otp {"timestamp":"2023-09-29T08:06:34.242Z"}
error: Cannot read properties of undefined (reading 'success') {"timestamp":"2023-09-29T08:06:34.426Z"}
debug: POST /gym/send-otp {"timestamp":"2023-09-29T08:07:32.475Z"}
error: Cannot read properties of undefined (reading 'success') {"timestamp":"2023-09-29T08:07:33.451Z"}
debug: POST /gym/send-otp {"timestamp":"2023-09-29T08:07:58.137Z"}
error: Cannot read properties of undefined (reading 'success') {"timestamp":"2023-09-29T08:07:58.362Z"}
debug: POST /gym/send-otp {"timestamp":"2023-09-29T08:08:08.400Z"}
debug: POST /gym/send-otp {"timestamp":"2023-09-29T08:08:23.224Z"}
debug: POST /gym/send-otp {"timestamp":"2023-09-29T08:09:21.153Z"}
error: Cannot read properties of undefined (reading 'success') {"timestamp":"2023-09-29T08:09:23.693Z"}
debug: POST /gym/send-otp {"timestamp":"2023-09-29T08:10:36.923Z"}
debug: POST /gym/send-otp {"timestamp":"2023-09-29T08:11:16.137Z"}
debug: POST /gym/send-otp {"timestamp":"2023-09-29T08:14:30.158Z"}
debug: POST /gym/verify-otp {"timestamp":"2023-09-29T08:14:53.184Z"}
error: verifyOTP is not defined {"timestamp":"2023-09-29T08:14:53.185Z"}
debug: POST /gym/verify-otp {"timestamp":"2023-09-29T08:15:52.076Z"}
error: secret is not defined {"timestamp":"2023-09-29T08:15:52.079Z"}
debug: POST /gym/send-otp {"timestamp":"2023-09-29T08:16:43.097Z"}
debug: POST /gym/verify-otp {"timestamp":"2023-09-29T08:17:01.788Z"}
error: userProvidedOTP is not defined {"timestamp":"2023-09-29T08:17:01.789Z"}
debug: POST /gym/verify-otp {"timestamp":"2023-09-29T08:17:10.784Z"}
error: error is not defined {"timestamp":"2023-09-29T08:17:10.789Z"}
debug: POST /gym/verify-otp {"timestamp":"2023-09-29T08:18:21.204Z"}
error: error is not defined {"timestamp":"2023-09-29T08:18:21.208Z"}
debug: POST /gym/verify-otp {"timestamp":"2023-09-29T08:20:42.842Z"}
error: error is not defined {"timestamp":"2023-09-29T08:20:42.845Z"}
debug: POST /gym/verify-otp {"timestamp":"2023-09-29T08:21:03.569Z"}
debug: POST /gym/verify-otp {"timestamp":"2023-09-29T08:21:32.976Z"}
debug: POST /gym/send-otp {"timestamp":"2023-09-29T08:21:45.065Z"}
debug: POST /gym/verify-otp {"timestamp":"2023-09-29T08:22:04.948Z"}
debug: POST /gym/verify-otp {"timestamp":"2023-09-29T08:22:46.514Z"}
debug: POST /gym/send-otp {"timestamp":"2023-09-29T08:28:27.899Z"}
debug: POST /gym/verify-otp {"timestamp":"2023-09-29T08:28:47.697Z"}
error: email is not defined {"timestamp":"2023-09-29T08:28:47.698Z"}
debug: POST /gym/verify-otp {"timestamp":"2023-09-29T08:29:21.183Z"}
error: email is not defined {"timestamp":"2023-09-29T08:29:21.183Z"}
debug: POST /gym/verify-otp {"timestamp":"2023-09-29T08:29:57.497Z"}
debug: POST /gym/send-otp {"timestamp":"2023-09-29T08:30:57.033Z"}
error: otp validation failed: otp: Cast to string failed for value "{
  ascii: '?2m]kOTFcZ#4x*gk1.NhGqU&iQ,;W:d$',
  hex: '3f326d5d6b4f5446635a2334782a676b312e4e684771552669512c3b573a6424',
  base32: 'H4ZG2XLLJ5KEMY22EM2HQKTHNMYS4TTII5YVKJTJKEWDWVZ2MQSA',
  otpauth_url: 'otpauth://totp/SecretKey?secret=H4ZG2XLLJ5KEMY22EM2HQKTHNMYS4TTII5YVKJTJKEWDWVZ2MQSA'
}" (type Object) at path "otp" {"timestamp":"2023-09-29T08:30:57.225Z"}
debug: POST /gym/send-otp {"timestamp":"2023-09-29T08:31:21.986Z"}
error: otp validation failed: otp: Cast to string failed for value "{
  ascii: 'XXT;>^.,RJ67?rO!#@75pedQmwLs04!P',
  hex: '5858543b3e5e2e2c524a36373f724f2123403735706564516d774c7330342150',
  base32: 'LBMFIOZ6LYXCYUSKGY3T64SPEERUANZVOBSWIULNO5GHGMBUEFIA',
  otpauth_url: 'otpauth://totp/SecretKey?secret=LBMFIOZ6LYXCYUSKGY3T64SPEERUANZVOBSWIULNO5GHGMBUEFIA'
}" (type Object) at path "otp" {"timestamp":"2023-09-29T08:31:22.172Z"}
debug: POST /gym/send-otp {"timestamp":"2023-09-29T08:31:47.626Z"}
debug: POST /gym/send-otp {"timestamp":"2023-09-29T08:32:36.024Z"}
error: otp validation failed: otp: Path `otp` is required. {"timestamp":"2023-09-29T08:32:36.660Z"}
debug: POST /gym/send-otp {"timestamp":"2023-09-29T08:33:32.477Z"}
debug: POST /gym/verify-otp {"timestamp":"2023-09-29T08:33:50.430Z"}
error: str.toUpperCase is not a function {"timestamp":"2023-09-29T08:33:50.595Z"}
debug: POST /gym/send-otp {"timestamp":"2023-09-29T08:34:45.913Z"}
debug: POST /gym/verify-otp {"timestamp":"2023-09-29T08:34:59.017Z"}
error: str.toUpperCase is not a function {"timestamp":"2023-09-29T08:34:59.199Z"}
debug: POST /gym/verify-otp {"timestamp":"2023-09-29T08:35:35.172Z"}
error: str.toUpperCase is not a function {"timestamp":"2023-09-29T08:35:36.998Z"}
debug: POST /gym/verify-otp {"timestamp":"2023-09-29T08:36:00.194Z"}
debug: POST /gym/send-otp {"timestamp":"2023-09-29T08:36:25.376Z"}
debug: POST /gym/verify-otp {"timestamp":"2023-09-29T08:36:37.675Z"}
debug: POST /gym/signin {"timestamp":"2023-09-29T08:38:24.392Z"}
debug: GET /gym/auth {"timestamp":"2023-10-02T11:02:58.781Z"}
debug: GET /gym/auth {"timestamp":"2023-10-02T11:06:01.341Z"}
debug: GET /gym/auth {"timestamp":"2023-10-02T11:08:56.211Z"}
debug: GET /gym/auth {"timestamp":"2023-10-02T11:09:18.192Z"}
debug: GET /gym/auth {"timestamp":"2023-10-02T11:23:00.020Z"}
debug: GET /gym/auth {"timestamp":"2023-10-02T11:43:43.723Z"}
debug: GET /gym/auth {"timestamp":"2023-10-02T11:45:50.975Z"}
debug: GET /gym/auth {"timestamp":"2023-10-02T12:04:16.336Z"}
debug: GET /gym/auth {"timestamp":"2023-10-02T12:04:52.372Z"}
debug: GET /gym/auth {"timestamp":"2023-10-02T12:04:55.670Z"}
debug: GET /gym/auth {"timestamp":"2023-10-02T12:04:59.668Z"}
debug: GET /gym/auth {"timestamp":"2023-10-02T12:05:03.774Z"}
debug: GET /gym/auth {"timestamp":"2023-10-02T12:05:16.149Z"}
debug: GET /gym/auth {"timestamp":"2023-10-02T12:05:17.967Z"}
debug: GET /gym/auth {"timestamp":"2023-10-02T12:05:21.128Z"}
debug: GET /gym/auth {"timestamp":"2023-10-02T12:05:26.135Z"}
debug: GET /gym/auth {"timestamp":"2023-10-02T12:06:40.356Z"}
debug: POST /gym/verify-OAuth-Token {"timestamp":"2023-10-02T12:06:52.048Z"}
debug: GET /gym/auth {"timestamp":"2023-10-02T12:14:07.567Z"}
debug: GET /gym/auth {"timestamp":"2023-10-02T12:14:47.942Z"}
debug: POST /gym/verify-OAuth-Token {"timestamp":"2023-10-02T12:15:00.244Z"}
